warn: DRAM device capacity (8192 Mbytes) does not match the address range assigned (512 Mbytes)
0: system.remote_gdb.listener: listening for remote gdb on port 7000
0: system.remote_gdb.listener: listening for remote gdb on port 7001
0: system.remote_gdb.listener: listening for remote gdb on port 7002
0: system.remote_gdb.listener: listening for remote gdb on port 7003
0: system.remote_gdb.listener: listening for remote gdb on port 7004
0: system.remote_gdb.listener: listening for remote gdb on port 7005
0: system.remote_gdb.listener: listening for remote gdb on port 7006
0: system.remote_gdb.listener: listening for remote gdb on port 7007
0: system.remote_gdb.listener: listening for remote gdb on port 7008
0: system.remote_gdb.listener: listening for remote gdb on port 7009
0: system.remote_gdb.listener: listening for remote gdb on port 7010
0: system.remote_gdb.listener: listening for remote gdb on port 7011
0: system.remote_gdb.listener: listening for remote gdb on port 7012
0: system.remote_gdb.listener: listening for remote gdb on port 7013
0: system.remote_gdb.listener: listening for remote gdb on port 7014
0: system.remote_gdb.listener: listening for remote gdb on port 7015
0: system.remote_gdb.listener: listening for remote gdb on port 7048
0: system.remote_gdb.listener: listening for remote gdb on port 7049
0: system.remote_gdb.listener: listening for remote gdb on port 7050
0: system.remote_gdb.listener: listening for remote gdb on port 7051
0: system.remote_gdb.listener: listening for remote gdb on port 7052
0: system.remote_gdb.listener: listening for remote gdb on port 7053
0: system.remote_gdb.listener: listening for remote gdb on port 7054
0: system.remote_gdb.listener: listening for remote gdb on port 7055
0: system.remote_gdb.listener: listening for remote gdb on port 7056
0: system.remote_gdb.listener: listening for remote gdb on port 7057
0: system.remote_gdb.listener: listening for remote gdb on port 7058
0: system.remote_gdb.listener: listening for remote gdb on port 7059
0: system.remote_gdb.listener: listening for remote gdb on port 7060
0: system.remote_gdb.listener: listening for remote gdb on port 7061
0: system.remote_gdb.listener: listening for remote gdb on port 7062
0: system.remote_gdb.listener: listening for remote gdb on port 7063
warn: User mode does not have SPSR
warn: User mode does not have SPSR
warn: User mode does not have SPSR
warn: User mode does not have SPSR
warn: User mode does not have SPSR
warn: User mode does not have SPSR
warn: User mode does not have SPSR
warn: User mode does not have SPSR
warn: User mode does not have SPSR
warn: User mode does not have SPSR
warn: User mode does not have SPSR
warn: User mode does not have SPSR
warn: User mode does not have SPSR
warn: User mode does not have SPSR
warn: User mode does not have SPSR
warn: User mode does not have SPSR
warn: User mode does not have SPSR
warn: User mode does not have SPSR
warn: User mode does not have SPSR
warn: User mode does not have SPSR
warn: ignoring syscall futex(606260, ...)
      (further warnings will be suppressed)
warn: User mode does not have SPSR
warn: User mode does not have SPSR
warn: User mode does not have SPSR
warn: User mode does not have SPSR
warn: User mode does not have SPSR
warn: User mode does not have SPSR
warn: User mode does not have SPSR
warn: User mode does not have SPSR
warn: User mode does not have SPSR
warn: User mode does not have SPSR
warn: User mode does not have SPSR
warn: User mode does not have SPSR
warn: User mode does not have SPSR
warn: User mode does not have SPSR
warn: User mode does not have SPSR
warn: User mode does not have SPSR
warn: User mode does not have SPSR
warn: User mode does not have SPSR
warn: User mode does not have SPSR
warn: User mode does not have SPSR
warn: User mode does not have SPSR
warn: User mode does not have SPSR
warn: User mode does not have SPSR
warn: User mode does not have SPSR
warn: User mode does not have SPSR
warn: User mode does not have SPSR
warn: User mode does not have SPSR
warn: User mode does not have SPSR
warn: User mode does not have SPSR
warn: User mode does not have SPSR
warn: User mode does not have SPSR
warn: User mode does not have SPSR
warn: User mode does not have SPSR
warn: User mode does not have SPSR
warn: User mode does not have SPSR
warn: User mode does not have SPSR
warn: User mode does not have SPSR
warn: User mode does not have SPSR
warn: User mode does not have SPSR
warn: User mode does not have SPSR
warn: User mode does not have SPSR
warn: User mode does not have SPSR
warn: User mode does not have SPSR
warn: User mode does not have SPSR
warn: User mode does not have SPSR
warn: User mode does not have SPSR
warn: User mode does not have SPSR
warn: User mode does not have SPSR
warn: User mode does not have SPSR
warn: User mode does not have SPSR
warn: User mode does not have SPSR
warn: User mode does not have SPSR
warn: User mode does not have SPSR
warn: User mode does not have SPSR
warn: User mode does not have SPSR
warn: User mode does not have SPSR
warn: User mode does not have SPSR
warn: User mode does not have SPSR
warn: User mode does not have SPSR
warn: User mode does not have SPSR
warn: User mode does not have SPSR
warn: User mode does not have SPSR
warn: User mode does not have SPSR
warn: User mode does not have SPSR
warn: User mode does not have SPSR
warn: User mode does not have SPSR
warn: User mode does not have SPSR
warn: User mode does not have SPSR
warn: User mode does not have SPSR
warn: User mode does not have SPSR
warn: User mode does not have SPSR
warn: User mode does not have SPSR
warn: User mode does not have SPSR
warn: User mode does not have SPSR
warn: User mode does not have SPSR
warn: User mode does not have SPSR
warn: User mode does not have SPSR
warn: User mode does not have SPSR
warn: User mode does not have SPSR
warn: User mode does not have SPSR
warn: User mode does not have SPSR
warn: User mode does not have SPSR
warn: User mode does not have SPSR
warn: User mode does not have SPSR
warn: User mode does not have SPSR
warn: User mode does not have SPSR
warn: User mode does not have SPSR
warn: User mode does not have SPSR
warn: User mode does not have SPSR
warn: User mode does not have SPSR
warn: User mode does not have SPSR
warn: User mode does not have SPSR
warn: User mode does not have SPSR
warn: User mode does not have SPSR
warn: User mode does not have SPSR
warn: User mode does not have SPSR
warn: User mode does not have SPSR
warn: User mode does not have SPSR
warn: User mode does not have SPSR
warn: User mode does not have SPSR
warn: User mode does not have SPSR
warn: User mode does not have SPSR
warn: User mode does not have SPSR
warn: User mode does not have SPSR
warn: allocating bonus target for snoop
warn: allocating bonus target for snoop
warn: allocating bonus target for snoop
warn: allocating bonus target for snoop
warn: allocating bonus target for snoop
warn: allocating bonus target for snoop
warn: allocating bonus target for snoop
warn: allocating bonus target for snoop
warn: allocating bonus target for snoop
warn: allocating bonus target for snoop
warn: allocating bonus target for snoop
warn: allocating bonus target for snoop
warn: allocating bonus target for snoop
warn: allocating bonus target for snoop
warn: allocating bonus target for snoop
warn: allocating bonus target for snoop
warn: allocating bonus target for snoop
warn: allocating bonus target for snoop
warn: allocating bonus target for snoop
warn: allocating bonus target for snoop
warn: allocating bonus target for snoop
